[0.000000] (-) TimerEvent: {}
[0.001582] (example_package) JobQueued: {'identifier': 'example_package', 'dependencies': OrderedDict()}
[0.002624] (example_package) JobStarted: {'identifier': 'example_package'}
[0.099949] (-) TimerEvent: {}
[0.204010] (-) TimerEvent: {}
[0.307892] (-) TimerEvent: {}
[0.412040] (-) TimerEvent: {}
[0.519771] (-) TimerEvent: {}
[0.622190] (-) TimerEvent: {}
[0.722970] (-) TimerEvent: {}
[0.823769] (-) TimerEvent: {}
[0.924996] (-) TimerEvent: {}
[0.977529] (example_package) Command: {'cmd': ['/usr/bin/python3', '-W', 'ignore:setup.py install is deprecated', '-W', 'ignore:easy_install command is deprecated', 'setup.py', 'egg_info', '--egg-base', '../../build/example_package', 'build', '--build-base', '/home/kasm-user/Projects/ros2_workspace/build/example_package/build', 'install', '--record', '/home/kasm-user/Projects/ros2_workspace/build/example_package/install.log', '--single-version-externally-managed', 'install_data'], 'cwd': '/home/kasm-user/Projects/ros2_workspace/src/example_package', 'env': {'LANGUAGE': 'en_US:en', 'GZ_CONFIG_PATH': '/opt/ros/jazzy/opt/gz_sim_vendor/share/gz:/opt/ros/jazzy/opt/sdformat_vendor/share/gz:/opt/ros/jazzy/opt/gz_gui_vendor/share/gz:/opt/ros/jazzy/opt/gz_transport_vendor/share/gz:/opt/ros/jazzy/opt/gz_rendering_vendor/share/gz:/opt/ros/jazzy/opt/gz_plugin_vendor/share/gz:/opt/ros/jazzy/opt/gz_fuel_tools_vendor/share/gz:/opt/ros/jazzy/opt/gz_msgs_vendor/share/gz:/opt/ros/jazzy/opt/gz_common_vendor/share/gz', 'HOSTNAME': 'pxl_jazzy', 'SSH_AGENT_PID': '235', 'SHLVL': '1', 'LD_LIBRARY_PATH': '/opt/ros/jazzy/opt/gz_sim_vendor/lib:/opt/ros/jazzy/opt/gz_sensors_vendor/lib:/opt/ros/jazzy/opt/gz_physics_vendor/lib:/opt/ros/jazzy/opt/sdformat_vendor/lib:/opt/ros/jazzy/opt/rviz_ogre_vendor/lib:/opt/ros/jazzy/lib/x86_64-linux-gnu:/opt/ros/jazzy/opt/gz_gui_vendor/lib:/opt/ros/jazzy/opt/gz_transport_vendor/lib:/opt/ros/jazzy/opt/gz_rendering_vendor/lib:/opt/ros/jazzy/opt/gz_plugin_vendor/lib:/opt/ros/jazzy/opt/gz_fuel_tools_vendor/lib:/opt/ros/jazzy/opt/gz_msgs_vendor/lib:/opt/ros/jazzy/opt/gz_common_vendor/lib:/opt/ros/jazzy/opt/gz_math_vendor/lib:/opt/ros/jazzy/opt/gz_utils_vendor/lib:/opt/ros/jazzy/opt/gz_tools_vendor/lib:/opt/ros/jazzy/opt/gz_ogre_next_vendor/lib:/opt/ros/jazzy/opt/gz_dartsim_vendor/lib:/opt/ros/jazzy/opt/gz_cmake_vendor/lib:/opt/ros/jazzy/lib:/usr/lib/x86_64-linux-gnu:/usr/lib/i386-linux-gnu:/usr/local/nvidia/lib:/usr/local/nvidia/lib64', 'OMP_WAIT_POLICY': 'PASSIVE', 'HOME': '/home/kasm-user', 'NO_VNC_PORT': '6901', 'OLDPWD': '/home/kasm-user/Projects/ros2_workspace/src', 'DESKTOP_SESSION': 'xfce', 'PANEL_GDK_CORE_DEVICE_EVENTS': '0', 'STARTUPDIR': '/dockerstartup', 'ROS_PYTHON_VERSION': '3', 'PS1': '\\[\x1b[01;32m\\]\\u@\\h\\[\x1b[00m\\]:\\[\x1b[01;34m\\]\\W\\[\x1b[00m\\]$', 'INST_DIR': '/dockerstartup/install', 'START_PULSEAUDIO': '1', 'DBUS_SESSION_BUS_ADDRESS': 'unix:path=/tmp/dbus-PwJrsOv6Yl,guid=a1fc158bcb45d59d478ccbde67ced61c', 'COLORTERM': 'truecolor', 'KASM_RX_HOME': '/dockerstartup/kasmrx', 'VNC_COL_DEPTH': '24', 'MAX_FRAME_RATE': '24', 'ROS_DISTRO': 'jazzy', 'WINDOWID': '29360131', 'IGN_GAZEBO_MODEL_PATH': '/opt/ros/jazzy/share', '_': '/usr/bin/colcon', 'ROS_VERSION': '2', 'VNCOPTIONS': '-PreferBandwidth -DynamicQualityMin=4 -DynamicQualityMax=7 -DLP_ClipDelay=0 -select-de manual -UnixRelay printer:/tmp/printer', 'TERM': 'xterm-256color', 'GAZEBO_MODEL_PATH': '/opt/ros/jazzy/share', 'DONT_PROMPT_WSL_INSTALL': 'No_Prompt_please', 'PATH': '/home/kasm-user/bin:/home/kasm-user/bin:/opt/ros/jazzy/opt/gz_msgs_vendor/bin:/opt/ros/jazzy/opt/gz_tools_vendor/bin:/opt/ros/jazzy/opt/gz_ogre_next_vendor/bin:/opt/ros/jazzy/bin:/usr/local/sbin:/usr/local/bin:/usr/sbin:/usr/bin:/sbin:/bin', 'SESSION_MANAGER': 'local/pxl_jazzy:@/tmp/.ICE-unix/163,unix/pxl_jazzy:/tmp/.ICE-unix/163', 'PULSE_RUNTIME_PATH': '/var/run/pulse', 'XDG_MENU_PREFIX': 'xfce-', 'SDL_GAMECONTROLLERCONFIG': '030000005e040000be02000014010000,XInput Controller,platform:Linux,a:b0,b:b1,x:b2,y:b3,back:b8,guide:b16,start:b9,leftstick:b10,rightstick:b11,leftshoulder:b4,rightshoulder:b5,dpup:b12,dpdown:b13,dpleft:b14,dpright:b15,leftx:a0,lefty:a1,rightx:a2,righty:a3,lefttrigger:b6,righttrigger:b7', 'SKIP_CLEAN': 'true', 'GOMP_SPINCOUNT': '0', 'START_XFCE4': '1', 'DISPLAY': ':1.0', 'LANG': 'en_US.UTF-8', 'XDG_CURRENT_DESKTOP': 'XFCE', 'LS_COLORS': ':di=1;33:ln=36', 'SSH_AUTH_SOCK': '/tmp/ssh-wvcpdQuLjY6p/agent.234', 'AMENT_PREFIX_PATH': '/opt/ros/jazzy', 'DBUS_SESSION_BUS_PID': '21', 'DEBIAN_FRONTEND': 'noninteractive', 'SHELL': '/bin/bash', 'INST_SCRIPTS': '/ubuntu/install/tools/install_tools_deluxe.sh                   /ubuntu/install/misc/install_tools.sh                   /ubuntu/install/chrome/install_chrome.sh                   /ubuntu/install/firefox/install_firefox.sh                   /ubuntu/install/vs_code/install_vs_code.sh                   /ubuntu/install/gimp/install_gimp.sh                   /ubuntu/install/gamepad_utils/install_gamepad_utils.sh                   /ubuntu/install/cleanup/cleanup.sh', 'IGN_GAZEBO_RESOURCE_PATH': '/opt/ros/jazzy/share', 'GAZEBO_RESOURCE_PATH': '/opt/ros/jazzy/share', 'ROS_AUTOMATIC_DISCOVERY_RANGE': 'SUBNET', 'PWD': '/home/kasm-user/Projects/ros2_workspace/build/example_package', 'VNC_RESOLUTION': '1280x720', 'LC_ALL': 'en_US.UTF-8', 'XDG_CONFIG_DIRS': '/etc/xdg', 'XDG_DATA_DIRS': '/usr/local/share:/usr/share', 'PYTHONPATH': '/home/kasm-user/Projects/ros2_workspace/build/example_package/prefix_override:/usr/lib/python3/dist-packages/colcon_core/task/python/colcon_distutils_commands:/home/kasm-user/Projects/ros2_workspace/install/example_package/lib/python3.12/site-packages:/opt/ros/jazzy/lib/python3.12/site-packages', 'DISTRO': 'ubuntu', 'TZ': 'Etc/UTC', 'AUDIO_PORT': '4901', 'COLCON': '1', 'VTE_VERSION': '7600', 'CMAKE_PREFIX_PATH': '/opt/ros/jazzy/opt/gz_sim_vendor:/opt/ros/jazzy/opt/gz_sensors_vendor:/opt/ros/jazzy/opt/gz_physics_vendor:/opt/ros/jazzy/opt/sdformat_vendor:/opt/ros/jazzy/opt/gz_gui_vendor:/opt/ros/jazzy/opt/gz_transport_vendor:/opt/ros/jazzy/opt/gz_rendering_vendor:/opt/ros/jazzy/opt/gz_plugin_vendor:/opt/ros/jazzy/opt/gz_fuel_tools_vendor:/opt/ros/jazzy/opt/gz_msgs_vendor:/opt/ros/jazzy/opt/gz_common_vendor:/opt/ros/jazzy/opt/gz_math_vendor:/opt/ros/jazzy/opt/gz_utils_vendor:/opt/ros/jazzy/opt/gz_tools_vendor:/opt/ros/jazzy/opt/gz_ogre_next_vendor:/opt/ros/jazzy/opt/gz_dartsim_vendor:/opt/ros/jazzy/opt/gz_cmake_vendor', 'KASMVNC_AUTO_RECOVER': 'true', 'KASM_VNC_PATH': '/usr/share/kasmvnc', 'VNC_PORT': '5901'}, 'shell': False}
[1.026870] (-) TimerEvent: {}
[1.128760] (-) TimerEvent: {}
[1.232775] (-) TimerEvent: {}
[1.235059] (example_package) StdoutLine: {'line': b'running egg_info\n'}
[1.235925] (example_package) StdoutLine: {'line': b'creating ../../build/example_package/example_package.egg-info\n'}
[1.247763] (example_package) StdoutLine: {'line': b'writing ../../build/example_package/example_package.egg-info/PKG-INFO\n'}
[1.249632] (example_package) StdoutLine: {'line': b'writing dependency_links to ../../build/example_package/example_package.egg-info/dependency_links.txt\n'}
[1.250582] (example_package) StdoutLine: {'line': b'writing entry points to ../../build/example_package/example_package.egg-info/entry_points.txt\n'}
[1.251595] (example_package) StdoutLine: {'line': b'writing requirements to ../../build/example_package/example_package.egg-info/requires.txt\n'}
[1.252022] (example_package) StdoutLine: {'line': b'writing top-level names to ../../build/example_package/example_package.egg-info/top_level.txt\n'}
[1.252504] (example_package) StdoutLine: {'line': b"writing manifest file '../../build/example_package/example_package.egg-info/SOURCES.txt'\n"}
[1.277553] (example_package) StdoutLine: {'line': b"reading manifest file '../../build/example_package/example_package.egg-info/SOURCES.txt'\n"}
[1.278721] (example_package) StdoutLine: {'line': b"adding license file 'LICENSE'\n"}
[1.279317] (example_package) StdoutLine: {'line': b"writing manifest file '../../build/example_package/example_package.egg-info/SOURCES.txt'\n"}
[1.279821] (example_package) StdoutLine: {'line': b'running build\n'}
[1.281900] (example_package) StdoutLine: {'line': b'running build_py\n'}
[1.282473] (example_package) StdoutLine: {'line': b'creating /home/kasm-user/Projects/ros2_workspace/build/example_package/build\n'}
[1.282771] (example_package) StdoutLine: {'line': b'creating /home/kasm-user/Projects/ros2_workspace/build/example_package/build/lib\n'}
[1.283236] (example_package) StdoutLine: {'line': b'creating /home/kasm-user/Projects/ros2_workspace/build/example_package/build/lib/example_package\n'}
[1.283406] (example_package) StdoutLine: {'line': b'copying example_package/__init__.py -> /home/kasm-user/Projects/ros2_workspace/build/example_package/build/lib/example_package\n'}
[1.283769] (example_package) StdoutLine: {'line': b'copying example_package/example_node.py -> /home/kasm-user/Projects/ros2_workspace/build/example_package/build/lib/example_package\n'}
[1.284868] (example_package) StdoutLine: {'line': b'running install\n'}
[1.290771] (example_package) StdoutLine: {'line': b'running install_lib\n'}
[1.302839] (example_package) StdoutLine: {'line': b'creating /home/kasm-user/Projects/ros2_workspace/install/example_package/lib/python3.12/site-packages/example_package\n'}
[1.303294] (example_package) StdoutLine: {'line': b'copying /home/kasm-user/Projects/ros2_workspace/build/example_package/build/lib/example_package/__init__.py -> /home/kasm-user/Projects/ros2_workspace/install/example_package/lib/python3.12/site-packages/example_package\n'}
[1.304845] (example_package) StdoutLine: {'line': b'copying /home/kasm-user/Projects/ros2_workspace/build/example_package/build/lib/example_package/example_node.py -> /home/kasm-user/Projects/ros2_workspace/install/example_package/lib/python3.12/site-packages/example_package\n'}
[1.306365] (example_package) StdoutLine: {'line': b'byte-compiling /home/kasm-user/Projects/ros2_workspace/install/example_package/lib/python3.12/site-packages/example_package/__init__.py to __init__.cpython-312.pyc\n'}
[1.308065] (example_package) StdoutLine: {'line': b'byte-compiling /home/kasm-user/Projects/ros2_workspace/install/example_package/lib/python3.12/site-packages/example_package/example_node.py to example_node.cpython-312.pyc\n'}
[1.309598] (example_package) StdoutLine: {'line': b'running install_data\n'}
[1.310538] (example_package) StdoutLine: {'line': b'creating /home/kasm-user/Projects/ros2_workspace/install/example_package/share/ament_index\n'}
[1.310855] (example_package) StdoutLine: {'line': b'creating /home/kasm-user/Projects/ros2_workspace/install/example_package/share/ament_index/resource_index\n'}
[1.311131] (example_package) StdoutLine: {'line': b'creating /home/kasm-user/Projects/ros2_workspace/install/example_package/share/ament_index/resource_index/packages\n'}
[1.311462] (example_package) StdoutLine: {'line': b'copying resource/example_package -> /home/kasm-user/Projects/ros2_workspace/install/example_package/share/ament_index/resource_index/packages\n'}
[1.312013] (example_package) StdoutLine: {'line': b'copying package.xml -> /home/kasm-user/Projects/ros2_workspace/install/example_package/share/example_package\n'}
[1.312907] (example_package) StdoutLine: {'line': b'running install_egg_info\n'}
[1.325810] (example_package) StdoutLine: {'line': b'Copying ../../build/example_package/example_package.egg-info to /home/kasm-user/Projects/ros2_workspace/install/example_package/lib/python3.12/site-packages/example_package-0.0.0-py3.12.egg-info\n'}
[1.333041] (example_package) StdoutLine: {'line': b'running install_scripts\n'}
[1.333739] (-) TimerEvent: {}
[1.422133] (example_package) StdoutLine: {'line': b'Installing example_node script to /home/kasm-user/Projects/ros2_workspace/install/example_package/lib/example_package\n'}
[1.423419] (example_package) StdoutLine: {'line': b"writing list of installed files to '/home/kasm-user/Projects/ros2_workspace/build/example_package/install.log'\n"}
[1.434777] (-) TimerEvent: {}
[1.445422] (example_package) CommandEnded: {'returncode': 0}
[1.462556] (example_package) JobEnded: {'identifier': 'example_package', 'rc': 0}
[1.464029] (-) EventReactorShutdown: {}
